# Copyright 2017 IBM Corporation
#
# Licensed under the Apache License, Version 2.0 (the "License");
# you may not use this file except in compliance with the License.
# You may obtain a copy of the License at
#
#    http://www.apache.org/licenses/LICENSE-2.0
#
# Unless required by applicable law or agreed to in writing, software
# distributed under the License is distributed on an "AS IS" BASIS,
# WITHOUT WARRANTIES OR CONDITIONS OF ANY KIND, either express or implied.
# See the License for the specific language governing permissions and
# limitations under the License.
#
./*.bz2
./*.included
./*.tgz
./.svn
./DFP.txt
./POWERPC_CPU.txt
./README.ppc64-tc-utils
./TEST.txt
./at*
./atpack.sh
./configs/.svn
./docs
./gpg
./logs-collect
./old_patches
./pack.txt
./patches
./remote-build.exp
./scripts/.svn
./scripts/helpers/.svn
./scripts/skeletons/.svn
./scripts/specs/.svn
./sources
./tmp-*
./utils
.DS_Store
._*
.git*
.svn
